  BLOCK_BALL.cpp
D:\C++\BLOCK_BALL\BLOCK_BALL\BLOCK_BALL.cpp(374,42): warning C4244: '+=': conversion from 'double' to 'float', possible loss of data
D:\C++\BLOCK_BALL\BLOCK_BALL\BLOCK_BALL.cpp(375,41): warning C4244: '+=': conversion from 'double' to 'float', possible loss of data
D:\C++\BLOCK_BALL\BLOCK_BALL\BLOCK_BALL.cpp(406,14): warning C4244: '=': conversion from 'int' to 'float', possible loss of data
D:\C++\BLOCK_BALL\BLOCK_BALL\BLOCK_BALL.cpp(406,22): warning C4244: '=': conversion from 'int' to 'float', possible loss of data
D:\C++\BLOCK_BALL\BLOCK_BALL\BLOCK_BALL.cpp(407,14): warning C4244: '=': conversion from 'int' to 'float', possible loss of data
D:\C++\BLOCK_BALL\BLOCK_BALL\BLOCK_BALL.cpp(407,22): warning C4244: '=': conversion from 'int' to 'float', possible loss of data
D:\C++\BLOCK_BALL\BLOCK_BALL\BLOCK_BALL.cpp(552,27): warning C4244: 'argument': conversion from 'time_t' to 'unsigned int', possible loss of data
D:\C++\BLOCK_BALL\BLOCK_BALL\BLOCK_BALL.cpp(575,31): warning C4244: 'argument': conversion from 'time_t' to 'unsigned int', possible loss of data
D:\C++\BLOCK_BALL\BLOCK_BALL\BLOCK_BALL.cpp(579,85): warning C4244: 'argument': conversion from 'float' to 'int', possible loss of data
D:\C++\BLOCK_BALL\BLOCK_BALL\BLOCK_BALL.cpp(579,77): warning C4244: 'argument': conversion from 'float' to 'int', possible loss of data
D:\C++\BLOCK_BALL\BLOCK_BALL\BLOCK_BALL.cpp(580,85): warning C4244: 'argument': conversion from 'float' to 'int', possible loss of data
D:\C++\BLOCK_BALL\BLOCK_BALL\BLOCK_BALL.cpp(580,77): warning C4244: 'argument': conversion from 'float' to 'int', possible loss of data
D:\C++\BLOCK_BALL\BLOCK_BALL\BLOCK_BALL.cpp(602,85): warning C4244: 'argument': conversion from 'float' to 'int', possible loss of data
D:\C++\BLOCK_BALL\BLOCK_BALL\BLOCK_BALL.cpp(602,77): warning C4244: 'argument': conversion from 'float' to 'int', possible loss of data
D:\C++\BLOCK_BALL\BLOCK_BALL\BLOCK_BALL.cpp(603,85): warning C4244: 'argument': conversion from 'float' to 'int', possible loss of data
D:\C++\BLOCK_BALL\BLOCK_BALL\BLOCK_BALL.cpp(603,77): warning C4244: 'argument': conversion from 'float' to 'int', possible loss of data
D:\C++\BLOCK_BALL\BLOCK_BALL\BLOCK_BALL.cpp(670,99): warning C4244: '=': conversion from 'time_t' to 'long', possible loss of data
D:\C++\BLOCK_BALL\BLOCK_BALL\BLOCK_BALL.cpp(689,38): warning C4244: '=': conversion from 'int' to 'float', possible loss of data
D:\C++\BLOCK_BALL\BLOCK_BALL\BLOCK_BALL.cpp(690,38): warning C4244: '=': conversion from 'int' to 'float', possible loss of data
D:\C++\BLOCK_BALL\BLOCK_BALL\BLOCK_BALL.cpp(692,41): warning C4244: '=': conversion from 'int' to 'float', possible loss of data
D:\C++\BLOCK_BALL\BLOCK_BALL\BLOCK_BALL.cpp(701,34): warning C4244: '=': conversion from 'int' to 'float', possible loss of data
D:\C++\BLOCK_BALL\BLOCK_BALL\BLOCK_BALL.cpp(702,34): warning C4244: '=': conversion from 'int' to 'float', possible loss of data
D:\C++\BLOCK_BALL\BLOCK_BALL\BLOCK_BALL.cpp(704,124): warning C4244: '=': conversion from 'double' to 'float', possible loss of data
D:\C++\BLOCK_BALL\BLOCK_BALL\BLOCK_BALL.cpp(776,22): warning C4244: '=': conversion from 'int' to 'float', possible loss of data
D:\C++\BLOCK_BALL\BLOCK_BALL\BLOCK_BALL.cpp(776,34): warning C4244: '=': conversion from 'int' to 'float', possible loss of data
D:\C++\BLOCK_BALL\BLOCK_BALL\BLOCK_BALL.cpp(778,91): warning C4244: 'argument': conversion from 'float' to 'int', possible loss of data
D:\C++\BLOCK_BALL\BLOCK_BALL\BLOCK_BALL.cpp(778,83): warning C4244: 'argument': conversion from 'float' to 'int', possible loss of data
D:\C++\BLOCK_BALL\BLOCK_BALL\BLOCK_BALL.cpp(779,96): warning C4244: 'argument': conversion from 'float' to 'int', possible loss of data
D:\C++\BLOCK_BALL\BLOCK_BALL\BLOCK_BALL.cpp(779,88): warning C4244: 'argument': conversion from 'float' to 'int', possible loss of data
D:\C++\BLOCK_BALL\BLOCK_BALL\BLOCK_BALL.cpp(808,80): warning C4244: 'argument': conversion from 'float' to 'int', possible loss of data
D:\C++\BLOCK_BALL\BLOCK_BALL\BLOCK_BALL.cpp(808,72): warning C4244: 'argument': conversion from 'float' to 'int', possible loss of data
D:\C++\BLOCK_BALL\BLOCK_BALL\BLOCK_BALL.cpp(809,80): warning C4244: 'argument': conversion from 'float' to 'int', possible loss of data
D:\C++\BLOCK_BALL\BLOCK_BALL\BLOCK_BALL.cpp(809,72): warning C4244: 'argument': conversion from 'float' to 'int', possible loss of data
D:\C++\BLOCK_BALL\BLOCK_BALL\BLOCK_BALL.cpp(837,27): warning C4244: 'argument': conversion from 'time_t' to 'unsigned int', possible loss of data
D:\C++\BLOCK_BALL\BLOCK_BALL\BLOCK_BALL.cpp(857,27): warning C4244: 'argument': conversion from 'time_t' to 'unsigned int', possible loss of data
D:\C++\BLOCK_BALL\BLOCK_BALL\BLOCK_BALL.cpp(877,83): warning C4244: 'argument': conversion from 'float' to 'int', possible loss of data
D:\C++\BLOCK_BALL\BLOCK_BALL\BLOCK_BALL.cpp(877,75): warning C4244: 'argument': conversion from 'float' to 'int', possible loss of data
D:\C++\BLOCK_BALL\BLOCK_BALL\BLOCK_BALL.cpp(878,85): warning C4244: 'argument': conversion from 'float' to 'int', possible loss of data
D:\C++\BLOCK_BALL\BLOCK_BALL\BLOCK_BALL.cpp(878,77): warning C4244: 'argument': conversion from 'float' to 'int', possible loss of data
D:\C++\BLOCK_BALL\BLOCK_BALL\BLOCK_BALL.cpp(879,85): warning C4244: 'argument': conversion from 'float' to 'int', possible loss of data
D:\C++\BLOCK_BALL\BLOCK_BALL\BLOCK_BALL.cpp(879,77): warning C4244: 'argument': conversion from 'float' to 'int', possible loss of data
D:\C++\BLOCK_BALL\BLOCK_BALL\BLOCK_BALL.cpp(885,83): warning C4244: 'argument': conversion from 'float' to 'int', possible loss of data
D:\C++\BLOCK_BALL\BLOCK_BALL\BLOCK_BALL.cpp(885,75): warning C4244: 'argument': conversion from 'float' to 'int', possible loss of data
D:\C++\BLOCK_BALL\BLOCK_BALL\BLOCK_BALL.cpp(886,83): warning C4244: 'argument': conversion from 'float' to 'int', possible loss of data
D:\C++\BLOCK_BALL\BLOCK_BALL\BLOCK_BALL.cpp(886,75): warning C4244: 'argument': conversion from 'float' to 'int', possible loss of data
D:\C++\BLOCK_BALL\BLOCK_BALL\BLOCK_BALL.cpp(896,21): warning C4244: '=': conversion from 'double' to 'float', possible loss of data
D:\C++\BLOCK_BALL\BLOCK_BALL\BLOCK_BALL.cpp(897,21): warning C4244: '=': conversion from 'double' to 'float', possible loss of data
D:\C++\BLOCK_BALL\BLOCK_BALL\BLOCK_BALL.cpp(910,34): warning C4244: '=': conversion from 'int' to 'float', possible loss of data
D:\C++\BLOCK_BALL\BLOCK_BALL\BLOCK_BALL.cpp(911,34): warning C4244: '=': conversion from 'int' to 'float', possible loss of data
D:\C++\BLOCK_BALL\BLOCK_BALL\BLOCK_BALL.cpp(913,60): warning C4244: '=': conversion from 'int' to 'float', possible loss of data
D:\C++\BLOCK_BALL\BLOCK_BALL\BLOCK_BALL.cpp(914,65): warning C4244: '=': conversion from 'int' to 'float', possible loss of data
D:\C++\BLOCK_BALL\BLOCK_BALL\BLOCK_BALL.cpp(961,85): warning C4244: 'argument': conversion from 'float' to 'int', possible loss of data
D:\C++\BLOCK_BALL\BLOCK_BALL\BLOCK_BALL.cpp(961,82): warning C4244: 'argument': conversion from 'float' to 'int', possible loss of data
D:\C++\BLOCK_BALL\BLOCK_BALL\BLOCK_BALL.cpp(962,63): warning C4244: 'argument': conversion from 'float' to 'int', possible loss of data
D:\C++\BLOCK_BALL\BLOCK_BALL\BLOCK_BALL.cpp(962,60): warning C4244: 'argument': conversion from 'float' to 'int', possible loss of data
D:\C++\BLOCK_BALL\BLOCK_BALL\BLOCK_BALL.cpp(966,99): warning C4244: 'argument': conversion from 'float' to 'int', possible loss of data
D:\C++\BLOCK_BALL\BLOCK_BALL\BLOCK_BALL.cpp(966,91): warning C4244: 'argument': conversion from 'float' to 'int', possible loss of data
D:\C++\BLOCK_BALL\BLOCK_BALL\BLOCK_BALL.cpp(970,1): warning C4305: '=': truncation from 'double' to 'float'
D:\C++\BLOCK_BALL\BLOCK_BALL\BLOCK_BALL.cpp(971,39): warning C4244: '=': conversion from 'double' to 'float', possible loss of data
D:\C++\BLOCK_BALL\BLOCK_BALL\BLOCK_BALL.cpp(984,75): warning C4244: 'argument': conversion from 'float' to 'int', possible loss of data
D:\C++\BLOCK_BALL\BLOCK_BALL\BLOCK_BALL.cpp(984,67): warning C4244: 'argument': conversion from 'float' to 'int', possible loss of data
D:\C++\BLOCK_BALL\BLOCK_BALL\BLOCK_BALL.cpp(985,75): warning C4244: 'argument': conversion from 'float' to 'int', possible loss of data
D:\C++\BLOCK_BALL\BLOCK_BALL\BLOCK_BALL.cpp(985,67): warning C4244: 'argument': conversion from 'float' to 'int', possible loss of data
D:\C++\BLOCK_BALL\BLOCK_BALL\BLOCK_BALL.cpp(986,75): warning C4244: 'argument': conversion from 'float' to 'int', possible loss of data
D:\C++\BLOCK_BALL\BLOCK_BALL\BLOCK_BALL.cpp(986,67): warning C4244: 'argument': conversion from 'float' to 'int', possible loss of data
D:\C++\BLOCK_BALL\BLOCK_BALL\BLOCK_BALL.cpp(987,75): warning C4244: 'argument': conversion from 'float' to 'int', possible loss of data
D:\C++\BLOCK_BALL\BLOCK_BALL\BLOCK_BALL.cpp(987,67): warning C4244: 'argument': conversion from 'float' to 'int', possible loss of data
D:\C++\BLOCK_BALL\BLOCK_BALL\BLOCK_BALL.cpp(988,74): warning C4244: 'argument': conversion from 'float' to 'int', possible loss of data
D:\C++\BLOCK_BALL\BLOCK_BALL\BLOCK_BALL.cpp(988,66): warning C4244: 'argument': conversion from 'float' to 'int', possible loss of data
D:\C++\BLOCK_BALL\BLOCK_BALL\BLOCK_BALL.cpp(993,72): warning C4244: 'argument': conversion from 'float' to 'int', possible loss of data
D:\C++\BLOCK_BALL\BLOCK_BALL\BLOCK_BALL.cpp(993,64): warning C4244: 'argument': conversion from 'float' to 'int', possible loss of data
D:\C++\BLOCK_BALL\BLOCK_BALL\BLOCK_BALL.cpp(994,72): warning C4244: 'argument': conversion from 'float' to 'int', possible loss of data
D:\C++\BLOCK_BALL\BLOCK_BALL\BLOCK_BALL.cpp(994,64): warning C4244: 'argument': conversion from 'float' to 'int', possible loss of data
D:\C++\BLOCK_BALL\BLOCK_BALL\BLOCK_BALL.cpp(995,79): warning C4244: 'argument': conversion from 'float' to 'int', possible loss of data
D:\C++\BLOCK_BALL\BLOCK_BALL\BLOCK_BALL.cpp(995,71): warning C4244: 'argument': conversion from 'float' to 'int', possible loss of data
D:\C++\BLOCK_BALL\BLOCK_BALL\BLOCK_BALL.cpp(996,79): warning C4244: 'argument': conversion from 'float' to 'int', possible loss of data
D:\C++\BLOCK_BALL\BLOCK_BALL\BLOCK_BALL.cpp(996,71): warning C4244: 'argument': conversion from 'float' to 'int', possible loss of data
D:\C++\BLOCK_BALL\BLOCK_BALL\BLOCK_BALL.cpp(997,89): warning C4244: 'argument': conversion from 'float' to 'int', possible loss of data
D:\C++\BLOCK_BALL\BLOCK_BALL\BLOCK_BALL.cpp(997,81): warning C4244: 'argument': conversion from 'float' to 'int', possible loss of data
D:\C++\BLOCK_BALL\BLOCK_BALL\BLOCK_BALL.cpp(998,94): warning C4244: 'argument': conversion from 'float' to 'int', possible loss of data
D:\C++\BLOCK_BALL\BLOCK_BALL\BLOCK_BALL.cpp(998,86): warning C4244: 'argument': conversion from 'float' to 'int', possible loss of data
D:\C++\BLOCK_BALL\BLOCK_BALL\BLOCK_BALL.cpp(999,94): warning C4244: 'argument': conversion from 'float' to 'int', possible loss of data
D:\C++\BLOCK_BALL\BLOCK_BALL\BLOCK_BALL.cpp(999,86): warning C4244: 'argument': conversion from 'float' to 'int', possible loss of data
D:\C++\BLOCK_BALL\BLOCK_BALL\BLOCK_BALL.cpp(1000,95): warning C4244: 'argument': conversion from 'float' to 'int', possible loss of data
D:\C++\BLOCK_BALL\BLOCK_BALL\BLOCK_BALL.cpp(1000,87): warning C4244: 'argument': conversion from 'float' to 'int', possible loss of data
D:\C++\BLOCK_BALL\BLOCK_BALL\BLOCK_BALL.cpp(1004,72): warning C4244: 'argument': conversion from 'float' to 'int', possible loss of data
D:\C++\BLOCK_BALL\BLOCK_BALL\BLOCK_BALL.cpp(1004,64): warning C4244: 'argument': conversion from 'float' to 'int', possible loss of data
D:\C++\BLOCK_BALL\BLOCK_BALL\BLOCK_BALL.cpp(1005,72): warning C4244: 'argument': conversion from 'float' to 'int', possible loss of data
D:\C++\BLOCK_BALL\BLOCK_BALL\BLOCK_BALL.cpp(1005,64): warning C4244: 'argument': conversion from 'float' to 'int', possible loss of data
D:\C++\BLOCK_BALL\BLOCK_BALL\BLOCK_BALL.cpp(1006,72): warning C4244: 'argument': conversion from 'float' to 'int', possible loss of data
D:\C++\BLOCK_BALL\BLOCK_BALL\BLOCK_BALL.cpp(1006,64): warning C4244: 'argument': conversion from 'float' to 'int', possible loss of data
D:\C++\BLOCK_BALL\BLOCK_BALL\BLOCK_BALL.cpp(1007,72): warning C4244: 'argument': conversion from 'float' to 'int', possible loss of data
D:\C++\BLOCK_BALL\BLOCK_BALL\BLOCK_BALL.cpp(1007,64): warning C4244: 'argument': conversion from 'float' to 'int', possible loss of data
D:\C++\BLOCK_BALL\BLOCK_BALL\BLOCK_BALL.cpp(1008,71): warning C4244: 'argument': conversion from 'float' to 'int', possible loss of data
D:\C++\BLOCK_BALL\BLOCK_BALL\BLOCK_BALL.cpp(1008,63): warning C4244: 'argument': conversion from 'float' to 'int', possible loss of data
D:\C++\BLOCK_BALL\BLOCK_BALL\BLOCK_BALL.cpp(1013,58): warning C4244: 'argument': conversion from 'float' to 'int', possible loss of data
D:\C++\BLOCK_BALL\BLOCK_BALL\BLOCK_BALL.cpp(1013,55): warning C4244: 'argument': conversion from 'float' to 'int', possible loss of data
D:\C++\BLOCK_BALL\BLOCK_BALL\BLOCK_BALL.cpp(1024,78): warning C4244: 'argument': conversion from 'float' to 'int', possible loss of data
D:\C++\BLOCK_BALL\BLOCK_BALL\BLOCK_BALL.cpp(1024,75): warning C4244: 'argument': conversion from 'float' to 'int', possible loss of data
D:\C++\BLOCK_BALL\BLOCK_BALL\BLOCK_BALL.cpp(1025,66): warning C4244: 'argument': conversion from 'float' to 'int', possible loss of data
D:\C++\BLOCK_BALL\BLOCK_BALL\BLOCK_BALL.cpp(1025,63): warning C4244: 'argument': conversion from 'float' to 'int', possible loss of data
D:\C++\BLOCK_BALL\BLOCK_BALL\BLOCK_BALL.cpp(1031,62): warning C4244: 'argument': conversion from 'float' to 'int', possible loss of data
D:\C++\BLOCK_BALL\BLOCK_BALL\BLOCK_BALL.cpp(1031,59): warning C4244: 'argument': conversion from 'float' to 'int', possible loss of data
D:\C++\BLOCK_BALL\BLOCK_BALL\BLOCK_BALL.cpp(1046,26): warning C4244: 'argument': conversion from 'int' to 'float', possible loss of data
D:\C++\BLOCK_BALL\BLOCK_BALL\BLOCK_BALL.cpp(1047,29): warning C4244: 'argument': conversion from 'int' to 'float', possible loss of data
D:\C++\BLOCK_BALL\BLOCK_BALL\BLOCK_BALL.cpp(1052,31): warning C4244: 'argument': conversion from 'int' to 'float', possible loss of data
D:\C++\BLOCK_BALL\BLOCK_BALL\BLOCK_BALL.cpp(1052,95): warning C4244: 'argument': conversion from 'int' to 'float', possible loss of data
D:\C++\BLOCK_BALL\BLOCK_BALL\BLOCK_BALL.cpp(1055,30): warning C4244: 'argument': conversion from 'int' to 'float', possible loss of data
D:\C++\BLOCK_BALL\BLOCK_BALL\BLOCK_BALL.cpp(1059,30): warning C4244: 'argument': conversion from 'int' to 'float', possible loss of data
D:\C++\BLOCK_BALL\BLOCK_BALL\BLOCK_BALL.cpp(1071,29): warning C4244: 'argument': conversion from 'int' to 'float', possible loss of data
D:\C++\BLOCK_BALL\BLOCK_BALL\BLOCK_BALL.cpp(1071,93): warning C4244: 'argument': conversion from 'int' to 'float', possible loss of data
D:\C++\BLOCK_BALL\BLOCK_BALL\BLOCK_BALL.cpp(1073,85): warning C4244: 'argument': conversion from 'int' to 'float', possible loss of data
D:\C++\BLOCK_BALL\BLOCK_BALL\BLOCK_BALL.cpp(1076,86): warning C4244: 'argument': conversion from 'int' to 'float', possible loss of data
D:\C++\BLOCK_BALL\BLOCK_BALL\BLOCK_BALL.cpp(1084,50): warning C4244: '-=': conversion from 'double' to 'float', possible loss of data
D:\C++\BLOCK_BALL\BLOCK_BALL\BLOCK_BALL.cpp(1085,49): warning C4244: '-=': conversion from 'double' to 'float', possible loss of data
D:\C++\BLOCK_BALL\BLOCK_BALL\BLOCK_BALL.cpp(1096,34): warning C4244: 'argument': conversion from 'int' to 'float', possible loss of data
D:\C++\BLOCK_BALL\BLOCK_BALL\BLOCK_BALL.cpp(1112,98): warning C4244: '=': conversion from 'time_t' to 'long', possible loss of data
D:\C++\BLOCK_BALL\BLOCK_BALL\BLOCK_BALL.cpp(1113,100): warning C4244: '=': conversion from 'time_t' to 'long', possible loss of data
D:\C++\BLOCK_BALL\BLOCK_BALL\BLOCK_BALL.cpp(1133,54): warning C4244: '-=': conversion from 'double' to 'float', possible loss of data
D:\C++\BLOCK_BALL\BLOCK_BALL\BLOCK_BALL.cpp(1134,53): warning C4244: '-=': conversion from 'double' to 'float', possible loss of data
D:\C++\BLOCK_BALL\BLOCK_BALL\BLOCK_BALL.cpp(1140,26): warning C4244: 'argument': conversion from 'int' to 'float', possible loss of data
D:\C++\BLOCK_BALL\BLOCK_BALL\BLOCK_BALL.cpp(1147,67): warning C4244: '=': conversion from 'int' to 'float', possible loss of data
D:\C++\BLOCK_BALL\BLOCK_BALL\BLOCK_BALL.cpp(1148,126): warning C4244: '=': conversion from 'int' to 'float', possible loss of data
D:\C++\BLOCK_BALL\BLOCK_BALL\BLOCK_BALL.cpp(1149,50): warning C4244: '=': conversion from 'int' to 'float', possible loss of data
D:\C++\BLOCK_BALL\BLOCK_BALL\BLOCK_BALL.cpp(1157,67): warning C4244: '=': conversion from 'int' to 'float', possible loss of data
D:\C++\BLOCK_BALL\BLOCK_BALL\BLOCK_BALL.cpp(1158,126): warning C4244: '=': conversion from 'int' to 'float', possible loss of data
D:\C++\BLOCK_BALL\BLOCK_BALL\BLOCK_BALL.cpp(1159,63): warning C4244: '=': conversion from 'int' to 'float', possible loss of data
D:\C++\BLOCK_BALL\BLOCK_BALL\BLOCK_BALL.cpp(1170,54): warning C4244: '-=': conversion from 'double' to 'float', possible loss of data
D:\C++\BLOCK_BALL\BLOCK_BALL\BLOCK_BALL.cpp(1171,53): warning C4244: '-=': conversion from 'double' to 'float', possible loss of data
D:\C++\BLOCK_BALL\BLOCK_BALL\BLOCK_BALL.cpp(1178,30): warning C4244: 'argument': conversion from 'int' to 'float', possible loss of data
D:\C++\BLOCK_BALL\BLOCK_BALL\BLOCK_BALL.cpp(1194,58): warning C4244: '-=': conversion from 'double' to 'float', possible loss of data
D:\C++\BLOCK_BALL\BLOCK_BALL\BLOCK_BALL.cpp(1195,57): warning C4244: '-=': conversion from 'double' to 'float', possible loss of data
D:\C++\BLOCK_BALL\BLOCK_BALL\BLOCK_BALL.cpp(1210,23): warning C4244: 'argument': conversion from 'time_t' to 'unsigned int', possible loss of data
D:\C++\BLOCK_BALL\BLOCK_BALL\BLOCK_BALL.cpp(1215,41): warning C4244: '+=': conversion from 'double' to 'float', possible loss of data
D:\C++\BLOCK_BALL\BLOCK_BALL\BLOCK_BALL.cpp(1216,40): warning C4244: '+=': conversion from 'double' to 'float', possible loss of data
D:\C++\BLOCK_BALL\BLOCK_BALL\BLOCK_BALL.cpp(1222,48): warning C4244: '+=': conversion from 'double' to 'float', possible loss of data
D:\C++\BLOCK_BALL\BLOCK_BALL\BLOCK_BALL.cpp(1224,49): warning C4244: '+=': conversion from 'double' to 'float', possible loss of data
D:\C++\BLOCK_BALL\BLOCK_BALL\BLOCK_BALL.cpp(1229,48): warning C4244: '-=': conversion from 'double' to 'float', possible loss of data
D:\C++\BLOCK_BALL\BLOCK_BALL\BLOCK_BALL.cpp(1231,48): warning C4244: '+=': conversion from 'double' to 'float', possible loss of data
D:\C++\BLOCK_BALL\BLOCK_BALL\BLOCK_BALL.cpp(1252,36): warning C4244: '=': conversion from 'time_t' to 'long', possible loss of data
D:\C++\BLOCK_BALL\BLOCK_BALL\BLOCK_BALL.cpp(1258,36): warning C4244: '=': conversion from 'time_t' to 'long', possible loss of data
D:\C++\BLOCK_BALL\BLOCK_BALL\BLOCK_BALL.cpp(1262,88): warning C4244: 'argument': conversion from 'float' to 'int', possible loss of data
D:\C++\BLOCK_BALL\BLOCK_BALL\BLOCK_BALL.cpp(1262,80): warning C4244: 'argument': conversion from 'float' to 'int', possible loss of data
D:\C++\BLOCK_BALL\BLOCK_BALL\BLOCK_BALL.cpp(1263,76): warning C4244: 'argument': conversion from 'float' to 'int', possible loss of data
D:\C++\BLOCK_BALL\BLOCK_BALL\BLOCK_BALL.cpp(1263,68): warning C4244: 'argument': conversion from 'float' to 'int', possible loss of data
D:\C++\BLOCK_BALL\BLOCK_BALL\BLOCK_BALL.cpp(1266,31): warning C4244: 'argument': conversion from 'time_t' to 'unsigned int', possible loss of data
D:\C++\BLOCK_BALL\BLOCK_BALL\BLOCK_BALL.cpp(1368,12): warning C4244: 'initializing': conversion from 'time_t' to 'long', possible loss of data
D:\C++\BLOCK_BALL\BLOCK_BALL\BLOCK_BALL.cpp(1611,51): warning C4244: 'argument': conversion from 'float' to 'int', possible loss of data
D:\C++\BLOCK_BALL\BLOCK_BALL\BLOCK_BALL.cpp(1611,36): warning C4244: 'argument': conversion from 'float' to 'int', possible loss of data
D:\C++\BLOCK_BALL\BLOCK_BALL\BLOCK_BALL.cpp(1633,40): warning C4244: '=': conversion from 'float' to 'int', possible loss of data
D:\C++\BLOCK_BALL\BLOCK_BALL\BLOCK_BALL.cpp(1634,40): warning C4244: '=': conversion from 'float' to 'int', possible loss of data
D:\C++\BLOCK_BALL\BLOCK_BALL\BLOCK_BALL.cpp(1640,38): warning C4244: '=': conversion from 'float' to 'int', possible loss of data
D:\C++\BLOCK_BALL\BLOCK_BALL\BLOCK_BALL.cpp(1640,68): warning C4244: '=': conversion from 'float' to 'int', possible loss of data
D:\C++\BLOCK_BALL\BLOCK_BALL\BLOCK_BALL.cpp(1667,27): warning C4305: '=': truncation from 'double' to 'float'
D:\C++\BLOCK_BALL\BLOCK_BALL\BLOCK_BALL.cpp(1720,32): warning C4244: '=': conversion from 'int' to 'float', possible loss of data
D:\C++\BLOCK_BALL\BLOCK_BALL\BLOCK_BALL.cpp(1721,57): warning C4244: '=': conversion from 'int' to 'float', possible loss of data
D:\C++\BLOCK_BALL\BLOCK_BALL\BLOCK_BALL.cpp(1722,53): warning C4244: '=': conversion from 'int' to 'float', possible loss of data
D:\C++\BLOCK_BALL\BLOCK_BALL\BLOCK_BALL.cpp(1726,32): warning C4244: '=': conversion from 'int' to 'float', possible loss of data
D:\C++\BLOCK_BALL\BLOCK_BALL\BLOCK_BALL.cpp(1727,55): warning C4244: '=': conversion from 'int' to 'float', possible loss of data
D:\C++\BLOCK_BALL\BLOCK_BALL\BLOCK_BALL.cpp(1728,58): warning C4244: '=': conversion from 'int' to 'float', possible loss of data
D:\C++\BLOCK_BALL\BLOCK_BALL\BLOCK_BALL.cpp(1770,29): warning C4244: '=': conversion from 'double' to 'float', possible loss of data
D:\C++\BLOCK_BALL\BLOCK_BALL\BLOCK_BALL.cpp(1771,29): warning C4244: '=': conversion from 'double' to 'float', possible loss of data
  Generating code
  1 of 201 functions ( 0.5%) were compiled, the rest were copied from previous compilation.
    0 functions were new in current compilation
    8 functions had inline decision re-evaluated but remain unchanged
  Finished generating code
  BLOCK_BALL.vcxproj -> D:\C++\BLOCK_BALL\Release\BLOCK_BALL.exe
