  BLOCK_BALL.cpp
C:\Users\DELL\source\repos\BLOCK_BALL\BLOCK_BALL\BLOCK_BALL.cpp(360,1): warning C4244: '+=': conversion from 'double' to 'float', possible loss of data
C:\Users\DELL\source\repos\BLOCK_BALL\BLOCK_BALL\BLOCK_BALL.cpp(361,1): warning C4244: '+=': conversion from 'double' to 'float', possible loss of data
C:\Users\DELL\source\repos\BLOCK_BALL\BLOCK_BALL\BLOCK_BALL.cpp(392,14): warning C4244: '=': conversion from 'int' to 'float', possible loss of data
C:\Users\DELL\source\repos\BLOCK_BALL\BLOCK_BALL\BLOCK_BALL.cpp(392,22): warning C4244: '=': conversion from 'int' to 'float', possible loss of data
C:\Users\DELL\source\repos\BLOCK_BALL\BLOCK_BALL\BLOCK_BALL.cpp(393,14): warning C4244: '=': conversion from 'int' to 'float', possible loss of data
C:\Users\DELL\source\repos\BLOCK_BALL\BLOCK_BALL\BLOCK_BALL.cpp(393,22): warning C4244: '=': conversion from 'int' to 'float', possible loss of data
C:\Users\DELL\source\repos\BLOCK_BALL\BLOCK_BALL\BLOCK_BALL.cpp(537,27): warning C4244: 'argument': conversion from 'time_t' to 'unsigned int', possible loss of data
C:\Users\DELL\source\repos\BLOCK_BALL\BLOCK_BALL\BLOCK_BALL.cpp(560,31): warning C4244: 'argument': conversion from 'time_t' to 'unsigned int', possible loss of data
C:\Users\DELL\source\repos\BLOCK_BALL\BLOCK_BALL\BLOCK_BALL.cpp(564,85): warning C4244: 'argument': conversion from 'float' to 'int', possible loss of data
C:\Users\DELL\source\repos\BLOCK_BALL\BLOCK_BALL\BLOCK_BALL.cpp(564,77): warning C4244: 'argument': conversion from 'float' to 'int', possible loss of data
C:\Users\DELL\source\repos\BLOCK_BALL\BLOCK_BALL\BLOCK_BALL.cpp(565,85): warning C4244: 'argument': conversion from 'float' to 'int', possible loss of data
C:\Users\DELL\source\repos\BLOCK_BALL\BLOCK_BALL\BLOCK_BALL.cpp(565,77): warning C4244: 'argument': conversion from 'float' to 'int', possible loss of data
C:\Users\DELL\source\repos\BLOCK_BALL\BLOCK_BALL\BLOCK_BALL.cpp(587,85): warning C4244: 'argument': conversion from 'float' to 'int', possible loss of data
C:\Users\DELL\source\repos\BLOCK_BALL\BLOCK_BALL\BLOCK_BALL.cpp(587,77): warning C4244: 'argument': conversion from 'float' to 'int', possible loss of data
C:\Users\DELL\source\repos\BLOCK_BALL\BLOCK_BALL\BLOCK_BALL.cpp(588,85): warning C4244: 'argument': conversion from 'float' to 'int', possible loss of data
C:\Users\DELL\source\repos\BLOCK_BALL\BLOCK_BALL\BLOCK_BALL.cpp(588,77): warning C4244: 'argument': conversion from 'float' to 'int', possible loss of data
C:\Users\DELL\source\repos\BLOCK_BALL\BLOCK_BALL\BLOCK_BALL.cpp(655,99): warning C4244: '=': conversion from 'time_t' to 'long', possible loss of data
C:\Users\DELL\source\repos\BLOCK_BALL\BLOCK_BALL\BLOCK_BALL.cpp(674,38): warning C4244: '=': conversion from 'int' to 'float', possible loss of data
C:\Users\DELL\source\repos\BLOCK_BALL\BLOCK_BALL\BLOCK_BALL.cpp(675,38): warning C4244: '=': conversion from 'int' to 'float', possible loss of data
C:\Users\DELL\source\repos\BLOCK_BALL\BLOCK_BALL\BLOCK_BALL.cpp(677,41): warning C4244: '=': conversion from 'int' to 'float', possible loss of data
C:\Users\DELL\source\repos\BLOCK_BALL\BLOCK_BALL\BLOCK_BALL.cpp(686,34): warning C4244: '=': conversion from 'int' to 'float', possible loss of data
C:\Users\DELL\source\repos\BLOCK_BALL\BLOCK_BALL\BLOCK_BALL.cpp(687,34): warning C4244: '=': conversion from 'int' to 'float', possible loss of data
C:\Users\DELL\source\repos\BLOCK_BALL\BLOCK_BALL\BLOCK_BALL.cpp(689,124): warning C4244: '=': conversion from 'double' to 'float', possible loss of data
C:\Users\DELL\source\repos\BLOCK_BALL\BLOCK_BALL\BLOCK_BALL.cpp(761,22): warning C4244: '=': conversion from 'int' to 'float', possible loss of data
C:\Users\DELL\source\repos\BLOCK_BALL\BLOCK_BALL\BLOCK_BALL.cpp(761,34): warning C4244: '=': conversion from 'int' to 'float', possible loss of data
C:\Users\DELL\source\repos\BLOCK_BALL\BLOCK_BALL\BLOCK_BALL.cpp(763,91): warning C4244: 'argument': conversion from 'float' to 'int', possible loss of data
C:\Users\DELL\source\repos\BLOCK_BALL\BLOCK_BALL\BLOCK_BALL.cpp(763,83): warning C4244: 'argument': conversion from 'float' to 'int', possible loss of data
C:\Users\DELL\source\repos\BLOCK_BALL\BLOCK_BALL\BLOCK_BALL.cpp(764,96): warning C4244: 'argument': conversion from 'float' to 'int', possible loss of data
C:\Users\DELL\source\repos\BLOCK_BALL\BLOCK_BALL\BLOCK_BALL.cpp(764,88): warning C4244: 'argument': conversion from 'float' to 'int', possible loss of data
C:\Users\DELL\source\repos\BLOCK_BALL\BLOCK_BALL\BLOCK_BALL.cpp(793,80): warning C4244: 'argument': conversion from 'float' to 'int', possible loss of data
C:\Users\DELL\source\repos\BLOCK_BALL\BLOCK_BALL\BLOCK_BALL.cpp(793,72): warning C4244: 'argument': conversion from 'float' to 'int', possible loss of data
C:\Users\DELL\source\repos\BLOCK_BALL\BLOCK_BALL\BLOCK_BALL.cpp(794,80): warning C4244: 'argument': conversion from 'float' to 'int', possible loss of data
C:\Users\DELL\source\repos\BLOCK_BALL\BLOCK_BALL\BLOCK_BALL.cpp(794,72): warning C4244: 'argument': conversion from 'float' to 'int', possible loss of data
C:\Users\DELL\source\repos\BLOCK_BALL\BLOCK_BALL\BLOCK_BALL.cpp(822,27): warning C4244: 'argument': conversion from 'time_t' to 'unsigned int', possible loss of data
C:\Users\DELL\source\repos\BLOCK_BALL\BLOCK_BALL\BLOCK_BALL.cpp(842,27): warning C4244: 'argument': conversion from 'time_t' to 'unsigned int', possible loss of data
C:\Users\DELL\source\repos\BLOCK_BALL\BLOCK_BALL\BLOCK_BALL.cpp(862,83): warning C4244: 'argument': conversion from 'float' to 'int', possible loss of data
C:\Users\DELL\source\repos\BLOCK_BALL\BLOCK_BALL\BLOCK_BALL.cpp(862,75): warning C4244: 'argument': conversion from 'float' to 'int', possible loss of data
C:\Users\DELL\source\repos\BLOCK_BALL\BLOCK_BALL\BLOCK_BALL.cpp(863,85): warning C4244: 'argument': conversion from 'float' to 'int', possible loss of data
C:\Users\DELL\source\repos\BLOCK_BALL\BLOCK_BALL\BLOCK_BALL.cpp(863,77): warning C4244: 'argument': conversion from 'float' to 'int', possible loss of data
C:\Users\DELL\source\repos\BLOCK_BALL\BLOCK_BALL\BLOCK_BALL.cpp(864,85): warning C4244: 'argument': conversion from 'float' to 'int', possible loss of data
C:\Users\DELL\source\repos\BLOCK_BALL\BLOCK_BALL\BLOCK_BALL.cpp(864,77): warning C4244: 'argument': conversion from 'float' to 'int', possible loss of data
C:\Users\DELL\source\repos\BLOCK_BALL\BLOCK_BALL\BLOCK_BALL.cpp(870,83): warning C4244: 'argument': conversion from 'float' to 'int', possible loss of data
C:\Users\DELL\source\repos\BLOCK_BALL\BLOCK_BALL\BLOCK_BALL.cpp(870,75): warning C4244: 'argument': conversion from 'float' to 'int', possible loss of data
C:\Users\DELL\source\repos\BLOCK_BALL\BLOCK_BALL\BLOCK_BALL.cpp(871,83): warning C4244: 'argument': conversion from 'float' to 'int', possible loss of data
C:\Users\DELL\source\repos\BLOCK_BALL\BLOCK_BALL\BLOCK_BALL.cpp(871,75): warning C4244: 'argument': conversion from 'float' to 'int', possible loss of data
C:\Users\DELL\source\repos\BLOCK_BALL\BLOCK_BALL\BLOCK_BALL.cpp(881,21): warning C4244: '=': conversion from 'double' to 'float', possible loss of data
C:\Users\DELL\source\repos\BLOCK_BALL\BLOCK_BALL\BLOCK_BALL.cpp(882,21): warning C4244: '=': conversion from 'double' to 'float', possible loss of data
C:\Users\DELL\source\repos\BLOCK_BALL\BLOCK_BALL\BLOCK_BALL.cpp(895,34): warning C4244: '=': conversion from 'int' to 'float', possible loss of data
C:\Users\DELL\source\repos\BLOCK_BALL\BLOCK_BALL\BLOCK_BALL.cpp(896,34): warning C4244: '=': conversion from 'int' to 'float', possible loss of data
C:\Users\DELL\source\repos\BLOCK_BALL\BLOCK_BALL\BLOCK_BALL.cpp(898,60): warning C4244: '=': conversion from 'int' to 'float', possible loss of data
C:\Users\DELL\source\repos\BLOCK_BALL\BLOCK_BALL\BLOCK_BALL.cpp(899,65): warning C4244: '=': conversion from 'int' to 'float', possible loss of data
C:\Users\DELL\source\repos\BLOCK_BALL\BLOCK_BALL\BLOCK_BALL.cpp(946,85): warning C4244: 'argument': conversion from 'float' to 'int', possible loss of data
C:\Users\DELL\source\repos\BLOCK_BALL\BLOCK_BALL\BLOCK_BALL.cpp(946,82): warning C4244: 'argument': conversion from 'float' to 'int', possible loss of data
C:\Users\DELL\source\repos\BLOCK_BALL\BLOCK_BALL\BLOCK_BALL.cpp(947,63): warning C4244: 'argument': conversion from 'float' to 'int', possible loss of data
C:\Users\DELL\source\repos\BLOCK_BALL\BLOCK_BALL\BLOCK_BALL.cpp(947,60): warning C4244: 'argument': conversion from 'float' to 'int', possible loss of data
C:\Users\DELL\source\repos\BLOCK_BALL\BLOCK_BALL\BLOCK_BALL.cpp(951,99): warning C4244: 'argument': conversion from 'float' to 'int', possible loss of data
C:\Users\DELL\source\repos\BLOCK_BALL\BLOCK_BALL\BLOCK_BALL.cpp(951,91): warning C4244: 'argument': conversion from 'float' to 'int', possible loss of data
C:\Users\DELL\source\repos\BLOCK_BALL\BLOCK_BALL\BLOCK_BALL.cpp(955,1): warning C4305: '=': truncation from 'double' to 'float'
C:\Users\DELL\source\repos\BLOCK_BALL\BLOCK_BALL\BLOCK_BALL.cpp(956,39): warning C4244: '=': conversion from 'double' to 'float', possible loss of data
C:\Users\DELL\source\repos\BLOCK_BALL\BLOCK_BALL\BLOCK_BALL.cpp(969,75): warning C4244: 'argument': conversion from 'float' to 'int', possible loss of data
C:\Users\DELL\source\repos\BLOCK_BALL\BLOCK_BALL\BLOCK_BALL.cpp(969,67): warning C4244: 'argument': conversion from 'float' to 'int', possible loss of data
C:\Users\DELL\source\repos\BLOCK_BALL\BLOCK_BALL\BLOCK_BALL.cpp(970,75): warning C4244: 'argument': conversion from 'float' to 'int', possible loss of data
C:\Users\DELL\source\repos\BLOCK_BALL\BLOCK_BALL\BLOCK_BALL.cpp(970,67): warning C4244: 'argument': conversion from 'float' to 'int', possible loss of data
C:\Users\DELL\source\repos\BLOCK_BALL\BLOCK_BALL\BLOCK_BALL.cpp(971,75): warning C4244: 'argument': conversion from 'float' to 'int', possible loss of data
C:\Users\DELL\source\repos\BLOCK_BALL\BLOCK_BALL\BLOCK_BALL.cpp(971,67): warning C4244: 'argument': conversion from 'float' to 'int', possible loss of data
C:\Users\DELL\source\repos\BLOCK_BALL\BLOCK_BALL\BLOCK_BALL.cpp(972,75): warning C4244: 'argument': conversion from 'float' to 'int', possible loss of data
C:\Users\DELL\source\repos\BLOCK_BALL\BLOCK_BALL\BLOCK_BALL.cpp(972,67): warning C4244: 'argument': conversion from 'float' to 'int', possible loss of data
C:\Users\DELL\source\repos\BLOCK_BALL\BLOCK_BALL\BLOCK_BALL.cpp(973,74): warning C4244: 'argument': conversion from 'float' to 'int', possible loss of data
C:\Users\DELL\source\repos\BLOCK_BALL\BLOCK_BALL\BLOCK_BALL.cpp(973,66): warning C4244: 'argument': conversion from 'float' to 'int', possible loss of data
C:\Users\DELL\source\repos\BLOCK_BALL\BLOCK_BALL\BLOCK_BALL.cpp(978,72): warning C4244: 'argument': conversion from 'float' to 'int', possible loss of data
C:\Users\DELL\source\repos\BLOCK_BALL\BLOCK_BALL\BLOCK_BALL.cpp(978,64): warning C4244: 'argument': conversion from 'float' to 'int', possible loss of data
C:\Users\DELL\source\repos\BLOCK_BALL\BLOCK_BALL\BLOCK_BALL.cpp(979,72): warning C4244: 'argument': conversion from 'float' to 'int', possible loss of data
C:\Users\DELL\source\repos\BLOCK_BALL\BLOCK_BALL\BLOCK_BALL.cpp(979,64): warning C4244: 'argument': conversion from 'float' to 'int', possible loss of data
C:\Users\DELL\source\repos\BLOCK_BALL\BLOCK_BALL\BLOCK_BALL.cpp(980,79): warning C4244: 'argument': conversion from 'float' to 'int', possible loss of data
C:\Users\DELL\source\repos\BLOCK_BALL\BLOCK_BALL\BLOCK_BALL.cpp(980,71): warning C4244: 'argument': conversion from 'float' to 'int', possible loss of data
C:\Users\DELL\source\repos\BLOCK_BALL\BLOCK_BALL\BLOCK_BALL.cpp(981,79): warning C4244: 'argument': conversion from 'float' to 'int', possible loss of data
C:\Users\DELL\source\repos\BLOCK_BALL\BLOCK_BALL\BLOCK_BALL.cpp(981,71): warning C4244: 'argument': conversion from 'float' to 'int', possible loss of data
C:\Users\DELL\source\repos\BLOCK_BALL\BLOCK_BALL\BLOCK_BALL.cpp(982,89): warning C4244: 'argument': conversion from 'float' to 'int', possible loss of data
C:\Users\DELL\source\repos\BLOCK_BALL\BLOCK_BALL\BLOCK_BALL.cpp(982,81): warning C4244: 'argument': conversion from 'float' to 'int', possible loss of data
C:\Users\DELL\source\repos\BLOCK_BALL\BLOCK_BALL\BLOCK_BALL.cpp(983,94): warning C4244: 'argument': conversion from 'float' to 'int', possible loss of data
C:\Users\DELL\source\repos\BLOCK_BALL\BLOCK_BALL\BLOCK_BALL.cpp(983,86): warning C4244: 'argument': conversion from 'float' to 'int', possible loss of data
C:\Users\DELL\source\repos\BLOCK_BALL\BLOCK_BALL\BLOCK_BALL.cpp(984,94): warning C4244: 'argument': conversion from 'float' to 'int', possible loss of data
C:\Users\DELL\source\repos\BLOCK_BALL\BLOCK_BALL\BLOCK_BALL.cpp(984,86): warning C4244: 'argument': conversion from 'float' to 'int', possible loss of data
C:\Users\DELL\source\repos\BLOCK_BALL\BLOCK_BALL\BLOCK_BALL.cpp(985,95): warning C4244: 'argument': conversion from 'float' to 'int', possible loss of data
C:\Users\DELL\source\repos\BLOCK_BALL\BLOCK_BALL\BLOCK_BALL.cpp(985,87): warning C4244: 'argument': conversion from 'float' to 'int', possible loss of data
C:\Users\DELL\source\repos\BLOCK_BALL\BLOCK_BALL\BLOCK_BALL.cpp(989,72): warning C4244: 'argument': conversion from 'float' to 'int', possible loss of data
C:\Users\DELL\source\repos\BLOCK_BALL\BLOCK_BALL\BLOCK_BALL.cpp(989,64): warning C4244: 'argument': conversion from 'float' to 'int', possible loss of data
C:\Users\DELL\source\repos\BLOCK_BALL\BLOCK_BALL\BLOCK_BALL.cpp(990,72): warning C4244: 'argument': conversion from 'float' to 'int', possible loss of data
C:\Users\DELL\source\repos\BLOCK_BALL\BLOCK_BALL\BLOCK_BALL.cpp(990,64): warning C4244: 'argument': conversion from 'float' to 'int', possible loss of data
C:\Users\DELL\source\repos\BLOCK_BALL\BLOCK_BALL\BLOCK_BALL.cpp(991,72): warning C4244: 'argument': conversion from 'float' to 'int', possible loss of data
C:\Users\DELL\source\repos\BLOCK_BALL\BLOCK_BALL\BLOCK_BALL.cpp(991,64): warning C4244: 'argument': conversion from 'float' to 'int', possible loss of data
C:\Users\DELL\source\repos\BLOCK_BALL\BLOCK_BALL\BLOCK_BALL.cpp(992,72): warning C4244: 'argument': conversion from 'float' to 'int', possible loss of data
C:\Users\DELL\source\repos\BLOCK_BALL\BLOCK_BALL\BLOCK_BALL.cpp(992,64): warning C4244: 'argument': conversion from 'float' to 'int', possible loss of data
C:\Users\DELL\source\repos\BLOCK_BALL\BLOCK_BALL\BLOCK_BALL.cpp(993,71): warning C4244: 'argument': conversion from 'float' to 'int', possible loss of data
C:\Users\DELL\source\repos\BLOCK_BALL\BLOCK_BALL\BLOCK_BALL.cpp(993,63): warning C4244: 'argument': conversion from 'float' to 'int', possible loss of data
C:\Users\DELL\source\repos\BLOCK_BALL\BLOCK_BALL\BLOCK_BALL.cpp(998,58): warning C4244: 'argument': conversion from 'float' to 'int', possible loss of data
C:\Users\DELL\source\repos\BLOCK_BALL\BLOCK_BALL\BLOCK_BALL.cpp(998,55): warning C4244: 'argument': conversion from 'float' to 'int', possible loss of data
C:\Users\DELL\source\repos\BLOCK_BALL\BLOCK_BALL\BLOCK_BALL.cpp(1009,78): warning C4244: 'argument': conversion from 'float' to 'int', possible loss of data
C:\Users\DELL\source\repos\BLOCK_BALL\BLOCK_BALL\BLOCK_BALL.cpp(1009,75): warning C4244: 'argument': conversion from 'float' to 'int', possible loss of data
C:\Users\DELL\source\repos\BLOCK_BALL\BLOCK_BALL\BLOCK_BALL.cpp(1010,66): warning C4244: 'argument': conversion from 'float' to 'int', possible loss of data
C:\Users\DELL\source\repos\BLOCK_BALL\BLOCK_BALL\BLOCK_BALL.cpp(1010,63): warning C4244: 'argument': conversion from 'float' to 'int', possible loss of data
C:\Users\DELL\source\repos\BLOCK_BALL\BLOCK_BALL\BLOCK_BALL.cpp(1016,62): warning C4244: 'argument': conversion from 'float' to 'int', possible loss of data
C:\Users\DELL\source\repos\BLOCK_BALL\BLOCK_BALL\BLOCK_BALL.cpp(1016,59): warning C4244: 'argument': conversion from 'float' to 'int', possible loss of data
C:\Users\DELL\source\repos\BLOCK_BALL\BLOCK_BALL\BLOCK_BALL.cpp(1031,26): warning C4244: 'argument': conversion from 'int' to 'float', possible loss of data
C:\Users\DELL\source\repos\BLOCK_BALL\BLOCK_BALL\BLOCK_BALL.cpp(1032,29): warning C4244: 'argument': conversion from 'int' to 'float', possible loss of data
C:\Users\DELL\source\repos\BLOCK_BALL\BLOCK_BALL\BLOCK_BALL.cpp(1037,31): warning C4244: 'argument': conversion from 'int' to 'float', possible loss of data
C:\Users\DELL\source\repos\BLOCK_BALL\BLOCK_BALL\BLOCK_BALL.cpp(1037,95): warning C4244: 'argument': conversion from 'int' to 'float', possible loss of data
C:\Users\DELL\source\repos\BLOCK_BALL\BLOCK_BALL\BLOCK_BALL.cpp(1040,30): warning C4244: 'argument': conversion from 'int' to 'float', possible loss of data
C:\Users\DELL\source\repos\BLOCK_BALL\BLOCK_BALL\BLOCK_BALL.cpp(1044,30): warning C4244: 'argument': conversion from 'int' to 'float', possible loss of data
C:\Users\DELL\source\repos\BLOCK_BALL\BLOCK_BALL\BLOCK_BALL.cpp(1056,29): warning C4244: 'argument': conversion from 'int' to 'float', possible loss of data
C:\Users\DELL\source\repos\BLOCK_BALL\BLOCK_BALL\BLOCK_BALL.cpp(1056,93): warning C4244: 'argument': conversion from 'int' to 'float', possible loss of data
C:\Users\DELL\source\repos\BLOCK_BALL\BLOCK_BALL\BLOCK_BALL.cpp(1058,85): warning C4244: 'argument': conversion from 'int' to 'float', possible loss of data
C:\Users\DELL\source\repos\BLOCK_BALL\BLOCK_BALL\BLOCK_BALL.cpp(1061,86): warning C4244: 'argument': conversion from 'int' to 'float', possible loss of data
C:\Users\DELL\source\repos\BLOCK_BALL\BLOCK_BALL\BLOCK_BALL.cpp(1069,1): warning C4244: '-=': conversion from 'double' to 'float', possible loss of data
C:\Users\DELL\source\repos\BLOCK_BALL\BLOCK_BALL\BLOCK_BALL.cpp(1070,1): warning C4244: '-=': conversion from 'double' to 'float', possible loss of data
C:\Users\DELL\source\repos\BLOCK_BALL\BLOCK_BALL\BLOCK_BALL.cpp(1081,34): warning C4244: 'argument': conversion from 'int' to 'float', possible loss of data
C:\Users\DELL\source\repos\BLOCK_BALL\BLOCK_BALL\BLOCK_BALL.cpp(1097,98): warning C4244: '=': conversion from 'time_t' to 'long', possible loss of data
C:\Users\DELL\source\repos\BLOCK_BALL\BLOCK_BALL\BLOCK_BALL.cpp(1098,100): warning C4244: '=': conversion from 'time_t' to 'long', possible loss of data
C:\Users\DELL\source\repos\BLOCK_BALL\BLOCK_BALL\BLOCK_BALL.cpp(1118,1): warning C4244: '-=': conversion from 'double' to 'float', possible loss of data
C:\Users\DELL\source\repos\BLOCK_BALL\BLOCK_BALL\BLOCK_BALL.cpp(1119,1): warning C4244: '-=': conversion from 'double' to 'float', possible loss of data
C:\Users\DELL\source\repos\BLOCK_BALL\BLOCK_BALL\BLOCK_BALL.cpp(1125,26): warning C4244: 'argument': conversion from 'int' to 'float', possible loss of data
C:\Users\DELL\source\repos\BLOCK_BALL\BLOCK_BALL\BLOCK_BALL.cpp(1132,67): warning C4244: '=': conversion from 'int' to 'float', possible loss of data
C:\Users\DELL\source\repos\BLOCK_BALL\BLOCK_BALL\BLOCK_BALL.cpp(1133,126): warning C4244: '=': conversion from 'int' to 'float', possible loss of data
C:\Users\DELL\source\repos\BLOCK_BALL\BLOCK_BALL\BLOCK_BALL.cpp(1134,50): warning C4244: '=': conversion from 'int' to 'float', possible loss of data
C:\Users\DELL\source\repos\BLOCK_BALL\BLOCK_BALL\BLOCK_BALL.cpp(1142,67): warning C4244: '=': conversion from 'int' to 'float', possible loss of data
C:\Users\DELL\source\repos\BLOCK_BALL\BLOCK_BALL\BLOCK_BALL.cpp(1143,126): warning C4244: '=': conversion from 'int' to 'float', possible loss of data
C:\Users\DELL\source\repos\BLOCK_BALL\BLOCK_BALL\BLOCK_BALL.cpp(1144,63): warning C4244: '=': conversion from 'int' to 'float', possible loss of data
C:\Users\DELL\source\repos\BLOCK_BALL\BLOCK_BALL\BLOCK_BALL.cpp(1155,1): warning C4244: '-=': conversion from 'double' to 'float', possible loss of data
C:\Users\DELL\source\repos\BLOCK_BALL\BLOCK_BALL\BLOCK_BALL.cpp(1156,1): warning C4244: '-=': conversion from 'double' to 'float', possible loss of data
C:\Users\DELL\source\repos\BLOCK_BALL\BLOCK_BALL\BLOCK_BALL.cpp(1163,30): warning C4244: 'argument': conversion from 'int' to 'float', possible loss of data
C:\Users\DELL\source\repos\BLOCK_BALL\BLOCK_BALL\BLOCK_BALL.cpp(1179,1): warning C4244: '-=': conversion from 'double' to 'float', possible loss of data
C:\Users\DELL\source\repos\BLOCK_BALL\BLOCK_BALL\BLOCK_BALL.cpp(1180,1): warning C4244: '-=': conversion from 'double' to 'float', possible loss of data
C:\Users\DELL\source\repos\BLOCK_BALL\BLOCK_BALL\BLOCK_BALL.cpp(1195,23): warning C4244: 'argument': conversion from 'time_t' to 'unsigned int', possible loss of data
C:\Users\DELL\source\repos\BLOCK_BALL\BLOCK_BALL\BLOCK_BALL.cpp(1200,1): warning C4244: '+=': conversion from 'double' to 'float', possible loss of data
C:\Users\DELL\source\repos\BLOCK_BALL\BLOCK_BALL\BLOCK_BALL.cpp(1201,1): warning C4244: '+=': conversion from 'double' to 'float', possible loss of data
C:\Users\DELL\source\repos\BLOCK_BALL\BLOCK_BALL\BLOCK_BALL.cpp(1207,1): warning C4244: '+=': conversion from 'double' to 'float', possible loss of data
C:\Users\DELL\source\repos\BLOCK_BALL\BLOCK_BALL\BLOCK_BALL.cpp(1209,1): warning C4244: '+=': conversion from 'double' to 'float', possible loss of data
C:\Users\DELL\source\repos\BLOCK_BALL\BLOCK_BALL\BLOCK_BALL.cpp(1214,1): warning C4244: '-=': conversion from 'double' to 'float', possible loss of data
C:\Users\DELL\source\repos\BLOCK_BALL\BLOCK_BALL\BLOCK_BALL.cpp(1216,1): warning C4244: '+=': conversion from 'double' to 'float', possible loss of data
C:\Users\DELL\source\repos\BLOCK_BALL\BLOCK_BALL\BLOCK_BALL.cpp(1237,36): warning C4244: '=': conversion from 'time_t' to 'long', possible loss of data
C:\Users\DELL\source\repos\BLOCK_BALL\BLOCK_BALL\BLOCK_BALL.cpp(1243,36): warning C4244: '=': conversion from 'time_t' to 'long', possible loss of data
C:\Users\DELL\source\repos\BLOCK_BALL\BLOCK_BALL\BLOCK_BALL.cpp(1247,88): warning C4244: 'argument': conversion from 'float' to 'int', possible loss of data
C:\Users\DELL\source\repos\BLOCK_BALL\BLOCK_BALL\BLOCK_BALL.cpp(1247,80): warning C4244: 'argument': conversion from 'float' to 'int', possible loss of data
C:\Users\DELL\source\repos\BLOCK_BALL\BLOCK_BALL\BLOCK_BALL.cpp(1248,76): warning C4244: 'argument': conversion from 'float' to 'int', possible loss of data
C:\Users\DELL\source\repos\BLOCK_BALL\BLOCK_BALL\BLOCK_BALL.cpp(1248,68): warning C4244: 'argument': conversion from 'float' to 'int', possible loss of data
C:\Users\DELL\source\repos\BLOCK_BALL\BLOCK_BALL\BLOCK_BALL.cpp(1251,31): warning C4244: 'argument': conversion from 'time_t' to 'unsigned int', possible loss of data
C:\Users\DELL\source\repos\BLOCK_BALL\BLOCK_BALL\BLOCK_BALL.cpp(1353,12): warning C4244: 'initializing': conversion from 'time_t' to 'long', possible loss of data
C:\Users\DELL\source\repos\BLOCK_BALL\BLOCK_BALL\BLOCK_BALL.cpp(1591,51): warning C4244: 'argument': conversion from 'float' to 'int', possible loss of data
C:\Users\DELL\source\repos\BLOCK_BALL\BLOCK_BALL\BLOCK_BALL.cpp(1591,36): warning C4244: 'argument': conversion from 'float' to 'int', possible loss of data
C:\Users\DELL\source\repos\BLOCK_BALL\BLOCK_BALL\BLOCK_BALL.cpp(1613,40): warning C4244: '=': conversion from 'float' to 'int', possible loss of data
C:\Users\DELL\source\repos\BLOCK_BALL\BLOCK_BALL\BLOCK_BALL.cpp(1614,40): warning C4244: '=': conversion from 'float' to 'int', possible loss of data
C:\Users\DELL\source\repos\BLOCK_BALL\BLOCK_BALL\BLOCK_BALL.cpp(1620,38): warning C4244: '=': conversion from 'float' to 'int', possible loss of data
C:\Users\DELL\source\repos\BLOCK_BALL\BLOCK_BALL\BLOCK_BALL.cpp(1620,68): warning C4244: '=': conversion from 'float' to 'int', possible loss of data
C:\Users\DELL\source\repos\BLOCK_BALL\BLOCK_BALL\BLOCK_BALL.cpp(1645,27): warning C4305: '=': truncation from 'double' to 'float'
C:\Users\DELL\source\repos\BLOCK_BALL\BLOCK_BALL\BLOCK_BALL.cpp(1698,32): warning C4244: '=': conversion from 'int' to 'float', possible loss of data
C:\Users\DELL\source\repos\BLOCK_BALL\BLOCK_BALL\BLOCK_BALL.cpp(1699,57): warning C4244: '=': conversion from 'int' to 'float', possible loss of data
C:\Users\DELL\source\repos\BLOCK_BALL\BLOCK_BALL\BLOCK_BALL.cpp(1700,53): warning C4244: '=': conversion from 'int' to 'float', possible loss of data
C:\Users\DELL\source\repos\BLOCK_BALL\BLOCK_BALL\BLOCK_BALL.cpp(1704,32): warning C4244: '=': conversion from 'int' to 'float', possible loss of data
C:\Users\DELL\source\repos\BLOCK_BALL\BLOCK_BALL\BLOCK_BALL.cpp(1705,55): warning C4244: '=': conversion from 'int' to 'float', possible loss of data
C:\Users\DELL\source\repos\BLOCK_BALL\BLOCK_BALL\BLOCK_BALL.cpp(1706,58): warning C4244: '=': conversion from 'int' to 'float', possible loss of data
C:\Users\DELL\source\repos\BLOCK_BALL\BLOCK_BALL\BLOCK_BALL.cpp(1747,29): warning C4244: '=': conversion from 'double' to 'float', possible loss of data
C:\Users\DELL\source\repos\BLOCK_BALL\BLOCK_BALL\BLOCK_BALL.cpp(1748,29): warning C4244: '=': conversion from 'double' to 'float', possible loss of data
  BLOCK_BALL.vcxproj -> C:\Users\DELL\source\repos\BLOCK_BALL\Debug\BLOCK_BALL.exe
